<?xml version="1.0" encoding="UTF-8"?>
<testng-results ignored="0" total="1" passed="1" failed="0" skipped="0">
  <reporter-output>
  </reporter-output>
  <suite started-at="2026-05-11T11:12:46 IST" name="Master Suite" finished-at="2026-05-11T11:12:56 IST" duration-ms="9736">
    <groups>
      <group name="Master">
        <method signature="TC004_Checkout_Validation.verify_CheckOut()[pri:0, instance:testCases.TC004_Checkout_Validation@691939c9]" name="verify_CheckOut" class="testCases.TC004_Checkout_Validation"/>
      </group> <!-- Master -->
      <group name="Sanity">
        <method signature="TC004_Checkout_Validation.verify_CheckOut()[pri:0, instance:testCases.TC004_Checkout_Validation@691939c9]" name="verify_CheckOut" class="testCases.TC004_Checkout_Validation"/>
      </group> <!-- Sanity -->
    </groups>
    <test started-at="2026-05-11T11:12:46 IST" name="Test" finished-at="2026-05-11T11:12:56 IST" duration-ms="9736">
      <class name="testCases.TC004_Checkout_Validation">
        <test-method is-config="true" signature="Setup(java.lang.String)[pri:0, instance:testCases.TC004_Checkout_Validation@691939c9]" started-at="2026-05-11T11:12:46 IST" name="Setup" finished-at="2026-05-11T11:12:51 IST" duration-ms="4977" status="PASS">
          <params>
            <param index="0">
              <value>
                <![CDATA[Chrome]]>
              </value>
            </param>
          </params>
          <reporter-output>
          </reporter-output>
        </test-method> <!-- Setup -->
        <test-method signature="verify_CheckOut()[pri:0, instance:testCases.TC004_Checkout_Validation@691939c9]" started-at="2026-05-11T11:12:51 IST" name="verify_CheckOut" finished-at="2026-05-11T11:12:53 IST" duration-ms="1617" status="PASS">
          <reporter-output>
          </reporter-output>
        </test-method> <!-- verify_CheckOut -->
        <test-method is-config="true" signature="tearDown()[pri:0, instance:testCases.TC004_Checkout_Validation@691939c9]" started-at="2026-05-11T11:12:53 IST" name="tearDown" finished-at="2026-05-11T11:12:56 IST" duration-ms="3072" status="PASS">
          <reporter-output>
          </reporter-output>
        </test-method> <!-- tearDown -->
      </class> <!-- testCases.TC004_Checkout_Validation -->
    </test> <!-- Test -->
  </suite> <!-- Master Suite -->
</testng-results>
