<?xml version="1.0" encoding="UTF-8"?>
<testng-results ignored="3" total="4" passed="1" failed="0" skipped="0">
  <reporter-output>
  </reporter-output>
  <suite started-at="2026-05-15T16:31:59 IST" name="Master Suite" finished-at="2026-05-15T16:32:09 IST" duration-ms="9825">
    <groups>
      <group name="Master">
        <method signature="TC004_Checkout_Validation.verify_CheckOut()[pri:0, instance:testCases.TC004_Checkout_Validation@2250b9f2]" name="verify_CheckOut" class="testCases.TC004_Checkout_Validation"/>
      </group> <!-- Master -->
    </groups>
    <test started-at="2026-05-15T16:31:59 IST" name="Test" finished-at="2026-05-15T16:32:09 IST" duration-ms="9825">
      <class name="testCases.TC004_Checkout_Validation">
        <test-method is-config="true" signature="Setup(java.lang.String)[pri:0, instance:testCases.TC004_Checkout_Validation@2250b9f2]" started-at="2026-05-15T16:32:00 IST" name="Setup" finished-at="2026-05-15T16:32:05 IST" duration-ms="5144" status="PASS">
          <params>
            <param index="0">
              <value>
                <![CDATA[Chrome]]>
              </value>
            </param>
          </params>
          <reporter-output>
          </reporter-output>
        </test-method> <!-- Setup -->
        <test-method signature="verify_CheckOut()[pri:0, instance:testCases.TC004_Checkout_Validation@2250b9f2]" started-at="2026-05-15T16:32:05 IST" name="verify_CheckOut" finished-at="2026-05-15T16:32:06 IST" duration-ms="1267" status="PASS">
          <reporter-output>
          </reporter-output>
        </test-method> <!-- verify_CheckOut -->
        <test-method is-config="true" signature="tearDown()[pri:0, instance:testCases.TC004_Checkout_Validation@2250b9f2]" started-at="2026-05-15T16:32:06 IST" name="tearDown" finished-at="2026-05-15T16:32:09 IST" duration-ms="2953" status="PASS">
          <reporter-output>
          </reporter-output>
        </test-method> <!-- tearDown -->
      </class> <!-- testCases.TC004_Checkout_Validation -->
    </test> <!-- Test -->
  </suite> <!-- Master Suite -->
</testng-results>
